<?xml version="1.0" encoding="UTF-8"?>
<!-- Generated by org.testng.reporters.JUnitReportReporter -->
<testsuite hostname="DESKTOP-KKAIG1T" failures="0" tests="1" name="test.LoanTest" time="0.009" errors="0" timestamp="2022-10-08T01:43:44 IST" skipped="0">
  <testcase classname="test.LoanTest" name="HomeLoanTest" time="0.009"/>
  <system-out/>
</testsuite> <!-- test.LoanTest -->
