<?xml version="1.0" encoding="UTF-8"?>
<!-- Generated by org.testng.reporters.JUnitReportReporter -->
<testsuite hostname="DESKTOP-KKAIG1T" failures="0" tests="1" name="test.CardTest" time="0.004" errors="0" timestamp="2022-10-08T01:43:44 IST" skipped="0">
  <testcase classname="test.CardTest" name="CCTest" time="0.004"/>
  <system-out/>
</testsuite> <!-- test.CardTest -->
